2024/03/21 13:05:56 SAST CLI version: 1.0 GitCommit: 
2024/03/21 13:05:56 OS environment: windows
2024/03/21 13:05:56 SAST CLI context: 686ddd4050ea9fe5bde7d35723f0335763a034800ec9dc
2024/03/21 13:05:56 Proxy set: false
2024/03/21 13:05:56 SAST Connection URL: https://dev.whitesourcesoftware.com
2024/03/21 13:05:56 Target directory: D:\workspace\_test-projects\sql-injection\
2024/03/21 13:05:56 Cache path: C:\Users\jakkli\.mendsastcli
2024/03/21 13:05:56 Total CPU: 20
2024/03/21 13:05:56 Total Memory: 63
2024/03/21 13:05:56 Command line arguments: C:\Users\jakkli\AppData\Local\JetBrains\IntelliJIdea2023.3\tmp\GoLand\___go_build_main_go_mend.exe --scope jav3 --dir D:/workspace/_test-projects/sql-injection --remediate=false -j 2 --js 2 --cs 2 --config D:/workspace/CLI/out/mendsastcli-config-mend.json
2024/03/21 13:05:56 SAST environment variables: MEND_SAST_CONFIG_FILE=D:/workspace/CLI/out/mendsastcli-config-mend.json; MEND_SAST_CSHARP_ENGINE_GENERATION=2; MEND_SAST_JAVA_ENGINE_GENERATION=2; MEND_SAST_JS_ENGINE_GENERATION=2; MEND_SAST_REMEDIATION=false; MEND_SAST_SCOPE=jav3; MEND_SAST_TARGET_DIRECTORY=D:\workspace\_test-projects\sql-injection\
2024/03/21 13:05:56 SAST CLI configuration: {
  "connection": {
    "email": "*************",
    "token": "*************",
    "url": "https://dev.whitesourcesoftware.com",
    "organizationId": "",
    "timeoutMin": 10
  },
  "proxy": {
    "enabled": false,
    "url": "",
    "username": "*************",
    "password": "*************"
  },
  "cachePath": "C:\\Users\\jakkli\\.mendsastcli",
  "scans": {
    "engines": [],
    "directory": "D:\\workspace\\_test-projects\\sql-injection\\",
    "application": "",
    "scope": "jav3",
    "template": "",
    "submitSnippets": true,
    "submitLogs": true,
    "snippetSize": 10,
    "exclusions": [],
    "noDefaultExclusions": false,
    "disableDefaultExclusions": false,
    "incremental": false,
    "uploadBaseline": false,
    "baselineStorage": "C:\\Users\\jakkli\\.mendsastcli",
    "containerImage": "docker.io/library/ubuntu",
    "retries": 0,
    "threshold": {
      "high": 0,
      "medium": 0,
      "low": 0,
      "cwe": [],
      "runtime": 480,
      "onlyOnNew": false
    },
    "timeouts": {
      "perLanguage": 480,
      "perFile": 60
    },
    "maxFileSize": 1024
  },
  "reports": {
    "generate": false,
    "formats": [
      "pdf"
    ],
    "type": "",
    "level": "",
    "filename": ""
  },
  "logs": {
    "storageSizeLimit": 2048
  },
  "noColor": false,
  "noProgress": false,
  "nonInteractive": false
}
2024/03/21 13:05:56 [WARNING] Error cleaning up lowercase file C:\Users\jakkli\.mendsastcli\mend-fs-test-file-oj2sy2r9: remove C:\Users\jakkli\.mendsastcli\mend-fs-test-file-oj2sy2r9: The process cannot access the file because it is being used by another process.
2024/03/21 13:05:56 Directory MEND_FILE_SYSTEM_CASE_SENSITIVE is case sensitive: false
2024/03/21 13:05:56 Mend connection URL: https://dev.whitesourcesoftware.com
2024/03/21 13:05:58 Detected Mend environment, unified platform only user
2024/03/21 13:05:58 Logged into organisation JakubOrg2 (27320731-3131-4f5d-8489-94c601eda620)
2024/03/21 13:05:58 Stored new refresh token valid until 2024-03-23T13:05:57+01:00 (valid for 47h59m58s
2024/03/21 13:05:58 Stored new access token valid until 2024-03-22T13:05:57+01:00 (valid for 23h59m58s
2024/03/21 13:05:59 Based on the organization feature flag Python 1x engine will be used in case of Python project.
2024/03/21 13:06:00 [WARNING] SAST CLI is not up to date. Current: 1.0. Latest: 24.2.2.17
2024/03/21 13:06:00 [SCM] Directory is not a git repository: directory is not a git repository
2024/03/21 13:06:00 [SCM] Analysis completed in 0s
2024/03/21 13:06:00 [ERROR] error opening git repository to select scope: directory is not a git repository
2024/03/21 13:06:02 
Checking for SAST engine updates...
2024/03/21 13:06:28 Languages: Java*
2024/03/21 13:06:31 Active Mend scope:
2024/03/21 13:06:31 Org:         27320731-3131-4f5d-8489-94c601eda620 (JakubOrg2)
2024/03/21 13:06:31 Application: 27d982c2-eb91-448d-a13a-5c609ebea561 (CLI)
2024/03/21 13:06:31 Project:     fb841861-8ff6-4512-b89c-b30df09764d9 (jav3)
2024/03/21 13:06:31 Scan:        dadb049f-df06-4f22-a105-9bbdd1fe19f3 (Scan-sql-injection-2024/03/21 01:06:00 PM)
2024/03/21 13:06:31 Capabilities:
2024/03/21 13:06:31 - isScaWrapperScan=false
2024/03/21 13:06:31 - preferredScanEngine=Cli
2024/03/21 13:06:31 - isAsyncCheckPolicies=false
2024/03/21 13:06:31 - sastAccess=true
2024/03/21 13:06:31 - isUploadScaClientLogs=true
2024/03/21 13:06:31 - imgAccess=false
2024/03/21 13:06:31 - multiProductSupport=true
2024/03/21 13:06:31 - legacyScaLink=true
2024/03/21 13:06:31 - sourceFileScanningEnabled=true
2024/03/21 13:06:31 - trendsWidget=false
2024/03/21 13:06:31 - entitlementsSupport=false
2024/03/21 13:06:31 - dashboardTrends=true
2024/03/21 13:06:31 - reachabilityDryRun=false
2024/03/21 13:06:31 - coreAccess=true
2024/03/21 13:06:31 - swiftSupportEnabled=true
2024/03/21 13:06:31 - isIgnoreAsyncCheckPoliciesForDomain=false
2024/03/21 13:06:31 - api2Access=true
2024/03/21 13:06:31 - aiRemediation=false
2024/03/21 13:06:31 - llmAccess=false
2024/03/21 13:06:31 - appLogo=default
2024/03/21 13:06:31 - scaAutomationEngine=true
2024/03/21 13:06:31 - reachabilityLanguages=JAVA,JAVA_SCRIPT
2024/03/21 13:06:31 - cliVersionControl=true
2024/03/21 13:06:31 - failBuildOnViolations=true
2024/03/21 13:06:31 - enableMLSnippetsInPlatform=true
2024/03/21 13:06:31 - systemDashboardSupport=true
2024/03/21 13:06:31 - automationEngine=true
2024/03/21 13:06:31 - mendForDevAccess=false
2024/03/21 13:06:31 - collectUsageAnalytics=false
2024/03/21 13:06:31 - aiBomSupportEnabled=true
2024/03/21 13:06:31 - nextAccess=true
2024/03/21 13:06:31 - scaAccess=true
2024/03/21 13:06:31 - reachabilitySupport=false
2024/03/21 13:06:31 - codeGlobalScanConfig=false
2024/03/21 13:06:31 - platformAccess=true
2024/03/21 13:06:31 - developerPlatformLicenseGenerationEnabled=true
2024/03/21 13:06:31 - updateLatestEngines=false
2024/03/21 13:06:31 - codeFindingsNewDesign=true
2024/03/21 13:06:31 - sastRemediation=false
2024/03/21 13:06:31 - sourceFilesSupport=true
2024/03/21 13:06:31 - persistVersionPSB=24.3.1
2024/03/21 13:06:31 - detailedScaResultsInfo=false
2024/03/21 13:06:31 - sbtSupportEnabled=false
2024/03/21 13:06:31 - preScanBuilderEnabled=true
2024/03/21 13:06:31 - riskWorkSpaceSupport=true
2024/03/21 13:06:31 - psbIgnoreLockFile=true
2024/03/21 13:06:31 - containerSecurityAccess=false
2024/03/21 13:06:31 Contributors could not be retrieved: directory is not a git repository
2024/03/21 13:06:31 Testing application files from D:\workspace\_test-projects\sql-injection\
2024/03/21 13:06:31 Java* analysis in progress...
2024/03/21 13:06:32 CLASSPATH value before unsetting: 
2024/03/21 13:06:38 Engines version: 24.3.2.153 (Java)
2024/03/21 13:06:45 
Submitting code snippet files...
2024/03/21 13:06:47 Code snippet files have been submitted for processing.
